\BOOKMARK [0][-]{chapter.1}{Introduction}{}% 1
\BOOKMARK [1][-]{section.1.1}{Context}{chapter.1}% 2
\BOOKMARK [1][-]{section.1.2}{Objectives}{chapter.1}% 3
\BOOKMARK [1][-]{section.1.3}{Regulatory\040framework}{chapter.1}% 4
\BOOKMARK [1][-]{section.1.4}{Socio-economic\040environment}{chapter.1}% 5
\BOOKMARK [0][-]{chapter.2}{State-of-the-art}{}% 6
\BOOKMARK [1][-]{section.2.1}{Acoustic\040Scene\040Classification\040and\040Acoustic\040Event\040Detection\040and\040Classification}{chapter.2}% 7
\BOOKMARK [2][-]{subsection.2.1.1}{Features\040and\040methods}{section.2.1}% 8
\BOOKMARK [1][-]{section.2.2}{Violent\040Event\040Detection}{chapter.2}% 9
\BOOKMARK [2][-]{subsection.2.2.1}{Gender-based\040violence}{section.2.2}% 10
\BOOKMARK [2][-]{subsection.2.2.2}{Our\040point\040of\040view}{section.2.2}% 11
\BOOKMARK [1][-]{section.2.3}{Databases}{chapter.2}% 12
\BOOKMARK [0][-]{chapter.3}{Methods}{}% 13
\BOOKMARK [1][-]{section.3.1}{Database:\040AudioSet}{chapter.3}% 14
\BOOKMARK [2][-]{subsection.3.1.1}{What\040is\040AudioSet}{section.3.1}% 15
\BOOKMARK [2][-]{subsection.3.1.2}{Ontology}{section.3.1}% 16
\BOOKMARK [2][-]{subsection.3.1.3}{Dataset}{section.3.1}% 17
\BOOKMARK [2][-]{subsection.3.1.4}{Format\040available}{section.3.1}% 18
\BOOKMARK [2][-]{subsection.3.1.5}{vggish\040model}{section.3.1}% 19
\BOOKMARK [0][-]{subsection.3.1.5}{Bibliography}{}% 20
